<?xml version="1.0" encoding="UTF-8" standalone="no"?>
<window xmlns="http://jmix.io/schema/ui/window"
        caption="msg://testScreen.caption">
    <layout>
        <hbox>
            <button id="testListsBtn" caption="msg://testListsBtn.caption"/>
            <button id="openTaskBtn" caption="msg://openTaskBtn.caption"/>
        </hbox>
    </layout>
</window>